# JRE version: OpenJDK Runtime Environment (19.0.1+11) (build 19.0.1+11)
# Java VM: OpenJDK 64-Bit Server VM (19.0.1+11, mixed mode, sharing, tiered, compressed oops, compressed class ptrs, g1 gc, windows-amd64)
GC Precious Log:
 CardTable entry size: 512
 Card Set container configuration: InlinePtr #cards 4 size 8 Array Of Cards #cards 32 size 80 Howl #buckets 8 coarsen threshold 7372 Howl Bitmap #cards 1024 size 144 coarsen threshold 921 Card regions per heap region 1 cards per card region 8192
 CPUs: 12 total, 12 available
 Memory: 32678M
 Large Page Support: Disabled
 NUMA Support: Disabled
 Compressed Oops: Enabled (Zero based)
 Heap Region Size: 4M
 Heap Min Capacity: 8M
 Heap Initial Capacity: 512M
 Heap Max Capacity: 8172M
 Pre-touch: Disabled
 Parallel Workers: 10
 Concurrent Workers: 3
 Concurrent Refinement Workers: 10
 Periodic GC: Disabled
Heap:
 garbage-first heap   total 57344K, used 24169K [0x0000000601400000, 0x0000000800000000)
  region size 4096K, 4 young (16384K), 1 survivors (4096K)
 Metaspace       used 28186K, committed 28608K, reserved 1114112K
  class space    used 3464K, committed 3712K, reserved 1048576K
GC Heap History (8 events):
Event: 1.032 GC heap before
{Heap before GC invocations=0 (full 0):
 garbage-first heap   total 524288K, used 24576K [0x0000000601400000, 0x0000000800000000)
  region size 4096K, 6 young (24576K), 0 survivors (0K)
 Metaspace       used 13881K, committed 14144K, reserved 1114112K
  class space    used 1433K, committed 1536K, reserved 1048576K
}
Event: 1.035 GC heap after
{Heap after GC invocations=1 (full 0):
 garbage-first heap   total 524288K, used 4386K [0x0000000601400000, 0x0000000800000000)
  region size 4096K, 1 young (4096K), 1 survivors (4096K)
 Metaspace       used 13881K, committed 14144K, reserved 1114112K
  class space    used 1433K, committed 1536K, reserved 1048576K
}
Event: 1.664 GC heap before
{Heap before GC invocations=1 (full 0):
 garbage-first heap   total 524288K, used 16674K [0x0000000601400000, 0x0000000800000000)
  region size 4096K, 5 young (20480K), 1 survivors (4096K)
 Metaspace       used 21191K, committed 21504K, reserved 1114112K
  class space    used 2598K, committed 2752K, reserved 1048576K
}
Event: 1.668 GC heap after
{Heap after GC invocations=2 (full 0):
 garbage-first heap   total 524288K, used 8212K [0x0000000601400000, 0x0000000800000000)
  region size 4096K, 1 young (4096K), 1 survivors (4096K)
 Metaspace       used 21191K, committed 21504K, reserved 1114112K
  class space    used 2598K, committed 2752K, reserved 1048576K
}
Event: 40.410 GC heap before
{Heap before GC invocations=3 (full 0):
 garbage-first heap   total 57344K, used 32788K [0x0000000601400000, 0x0000000800000000)
  region size 4096K, 8 young (32768K), 1 survivors (4096K)
 Metaspace       used 27898K, committed 28224K, reserved 1114112K
  class space    used 3446K, committed 3584K, reserved 1048576K
}
Event: 40.415 GC heap after
{Heap after GC invocations=4 (full 0):
 garbage-first heap   total 57344K, used 14930K [0x0000000601400000, 0x0000000800000000)
  region size 4096K, 1 young (4096K), 1 survivors (4096K)
 Metaspace       used 27898K, committed 28224K, reserved 1114112K
  class space    used 3446K, committed 3584K, reserved 1048576K
}
Event: 49.864 GC heap before
{Heap before GC invocations=4 (full 0):
 garbage-first heap   total 57344K, used 19026K [0x0000000601400000, 0x0000000800000000)
  region size 4096K, 2 young (8192K), 1 survivors (4096K)
 Metaspace       used 27993K, committed 28352K, reserved 1114112K
  class space    used 3453K, committed 3648K, reserved 1048576K
}
Event: 49.866 GC heap after
{Heap after GC invocations=5 (full 0):
 garbage-first heap   total 57344K, used 15977K [0x0000000601400000, 0x0000000800000000)
  region size 4096K, 1 young (4096K), 1 survivors (4096K)
 Metaspace       used 27993K, committed 28352K, reserved 1114112K
  class space    used 3453K, committed 3648K, reserved 1048576K
}

